Nov 03, 2023 1:18:04 AM Application execute
INFO: generation                  : 010002 : [14, 5, 8, 9, 4, 6, 2, 10, 14, 15, 16, 13, 12, 19, 12, 7, 7, 3, 15, 16, 9, 5, 18, 13, 18, 0, 11, 8, 8, 11, 10, 16, 14, 13, 20, 15, 4, 19, 18, 0, 9, 12, 19, 19, 6, 10, 15, 17, 17, 11, 14, 3, 0, 8, 18, 9, 12, 5, 7, 3, 4, 16, 17, 17, 20, 14, 18, 11, 11, 16, 20, 9, 9, 5, 5, 13, 20, 13, 8, 13, 11, 2, 6, 3, 4, 7, 12, 10, 3, 16, 19, 12, 19, 1, 1, 1, 12, 7, 6, 4]
Nov 03, 2023 1:18:04 AM Application execute
INFO: Best Individua: 
Fleet Size: 21
Unserviced Customers: 0
Distance:1708.9363359779459
Fleet: [[0, 40, 53, 26, 0]
, [0, 95, 94, 96, 0]
, [0, 82, 7, 0]
, [0, 52, 18, 84, 60, 89, 0]
, [0, 5, 61, 85, 37, 100, 0]
, [0, 2, 75, 22, 74, 58, 0]
, [0, 45, 83, 99, 6, 0]
, [0, 59, 98, 16, 86, 17, 0]
, [0, 28, 29, 79, 3, 54, 0]
, [0, 72, 21, 73, 41, 56, 4, 0]
, [0, 31, 88, 8, 46, 0]
, [0, 27, 69, 30, 81, 50, 68, 0]
, [0, 92, 42, 15, 87, 57, 97, 13, 0]
, [0, 12, 76, 78, 34, 24, 80, 0]
, [0, 33, 51, 9, 66, 1, 0]
, [0, 36, 47, 19, 10, 0]
, [0, 62, 11, 90, 20, 32, 70, 0]
, [0, 63, 64, 49, 48, 0]
, [0, 39, 23, 67, 55, 25, 0]
, [0, 14, 44, 38, 43, 91, 93, 0]
, [0, 65, 71, 35, 77, 0]
]
Nov 03, 2023 1:18:04 AM Application execute
INFO: runtime                     : 233066549083 ns
Nov 03, 2023 1:18:04 AM Application execute
INFO: numberOfCrossoverOperations : 833146
Nov 03, 2023 1:18:04 AM Application execute
INFO: numberOfMutationOperations  : 10204
